temp/Saqi - Social AQI/source/app/build/outputs/mapping/release/seeds.txt
com.saqi.twa.Application: Application()
com.saqi.twa.LauncherActivity
com.saqi.twa.LauncherActivity: LauncherActivity()
com.saqi.twa.Application
com.saqi.twa.DelegationService: DelegationService()
com.saqi.twa.DelegationService
...
com.google.androidbrowserhelper.trusted.ManageDataLauncherActivity
androidx.lifecycle.Lifecycle$Event: androidx.lifecycle.Lifecycle$Event valueOf(java.lang.String)
androidx.browser.browseractions.BrowserActionsFallbackMenuView
androidx.core.graphics.drawable.IconCompatParcelizer: void write(androidx.core.graphics.drawable.IconCompat,androidx.versionedparcelable.VersionedParcel)
com.google.androidbrowserhelper.trusted.ManageDataLauncherActivity: ManageDataLauncherActivity()
com.google.android.gms.common.annotation.KeepName
com.google.androidbrowserhelper.locationdelegation.PermissionRequestActivity: PermissionRequestActivity()
com.google.androidbrowserhelper.locationdelegation.PermissionRequestActivity
com.google.android.gms.dynamite.DynamiteModule$DynamiteLoaderClassLoader: java.lang.ClassLoader sClassLoader
androidx.core.graphics.drawable.IconCompatParcelizer
com.google.android.gms.common.api.GoogleApiActivity: GoogleApiActivity()
androidx.core.graphics.drawable.IconCompat
androidx.versionedparcelable.CustomVersionedParcelable: CustomVersionedParcelable()
com.google.android.gms.auth.api.signin.GoogleSignInAccount: android.os.Parcelable$Creator CREATOR
com.google.android.gms.location.zzj: android.os.Parcelable$Creator CREATOR
androidx.browser.trusted.TrustedWebActivityService: TrustedWebActivityService()
com.google.android.gms.common.ConnectionResult: android.os.Parcelable$Creator CREATOR
android.support.v4.app.RemoteActionCompatParcelizer: void write(androidx.core.app.RemoteActionCompat,androidx.versionedparcelable.VersionedParcel)
com.google.android.gms.internal.location.zzad: android.os.Parcelable$Creator CREATOR
androidx.lifecycle.Lifecycle$Event: androidx.lifecycle.Lifecycle$Event ON_CREATE
androidx.lifecycle.Lifecycle$Event: androidx.lifecycle.Lifecycle$Event ON_ANY
androidx.core.app.RemoteActionCompatParcelizer
com.google.android.gms.common.internal.ReflectedParcelable
androidx.core.app.RemoteActionCompat: RemoteActionCompat()
androidx.versionedparcelable.ParcelImpl: android.os.Parcelable$Creator CREATOR
com.google.android.gms.common.api.GoogleApiActivity
com.google.android.gms.common.api.internal.LifecycleCallback
androidx.browser.browseractions.BrowserActionsFallbackMenuView: BrowserActionsFallbackMenuView(android.content.Context,android.util.AttributeSet)
com.google.android.gms.internal.location.zzm: android.os.Parcelable$Creator CREATOR
com.google.android.gms.location.LocationResult: android.os.Parcelable$Creator CREATOR
com.google.androidbrowserhelper.trusted.WebViewFallbackActivity
androidx.lifecycle.Lifecycle$Event: androidx.lifecycle.Lifecycle$Event ON_RESUME
androidx.core.app.RemoteActionCompatParcelizer: RemoteActionCompatParcelizer()
androidx.core.app.CoreComponentFactory: CoreComponentFactory()
com.google.android.gms.internal.location.zzbd: android.os.Parcelable$Creator CREATOR
androidx.versionedparcelable.CustomVersionedParcelable
androidx.lifecycle.LiveData$LifecycleBoundObserver
android.support.v4.graphics.drawable.IconCompatParcelizer: void write(androidx.core.graphics.drawable.IconCompat,androidx.versionedparcelable.VersionedParcel)
androidx.lifecycle.ViewModel: ViewModel()
androidx.annotation.Keep
androidx.core.content.FileProvider
com.google.androidbrowserhelper.trusted.LauncherActivity: LauncherActivity()
com.google.android.gms.dynamite.DynamiteModule$DynamiteLoaderClassLoader
com.google.android.gms.dynamite.DynamiteModule$DynamiteLoaderClassLoader: DynamiteModule$DynamiteLoaderClassLoader()
androidx.lifecycle.ReflectiveGenericLifecycleObserver
androidx.lifecycle.Lifecycle$State: androidx.lifecycle.Lifecycle$State valueOf(java.lang.String)
com.google.android.gms.common.api.Scope: android.os.Parcelable$Creator CREATOR
androidx.fragment.app.FragmentManagerState: android.os.Parcelable$Creator CREATOR
com.google.android.gms.location.zzaj: android.os.Parcelable$Creator CREATOR
com.google.androidbrowserhelper.trusted.WebViewFallbackActivity: WebViewFallbackActivity()