temp/Saqi - Social AQI/source/app/build/outputs/mapping/release/mapping.txt
# compiler: R8
# compiler_version: 2.1.86
# min_api: 19
# pg_map_id: bdcdae4
# common_typos_disable
com.saqi.twa.LauncherActivity -> com.saqi.twa.LauncherActivity:
    android.net.Uri getLaunchingUrl() -> f
...
android.support.customtabs.ICustomTabsCallback -> a.a.a.a:
    void onRelationshipValidationResult(int,android.net.Uri,boolean,android.os.Bundle) -> B
    void onNavigationEvent(int,android.os.Bundle) -> O
    void onPostMessage(java.lang.String,android.os.Bundle) -> g
    void extraCallback(java.lang.String,android.os.Bundle) -> l
    void onMessageChannelReady(android.os.Bundle) -> q
    android.os.Bundle extraCallbackWithResult(java.lang.String,android.os.Bundle) -> w
android.support.customtabs.ICustomTabsCallback$Stub -> a.a.a.a$a:
android.support.customtabs.ICustomTabsService -> a.a.a.b:
    boolean receiveFile(android.support.customtabs.ICustomTabsCallback,android.net.Uri,int,android.os.Bundle) -> D
    boolean newSession(android.support.customtabs.ICustomTabsCallback) -> L
    boolean validateRelationship(android.support.customtabs.ICustomTabsCallback,int,android.net.Uri,android.os.Bundle) -> P
    boolean newSessionWithExtras(android.support.customtabs.ICustomTabsCallback,android.os.Bundle) -> d
    boolean warmup(long) -> v
android.support.customtabs.ICustomTabsService$Stub -> a.a.a.b$a:
    android.support.customtabs.ICustomTabsService asInterface(android.os.IBinder) -> a
    android.support.customtabs.ICustomTabsService getDefaultImpl() -> c
android.support.customtabs.ICustomTabsService$Stub$Proxy -> a.a.a.b$a$a:
    android.os.IBinder mRemote -> a
    android.support.customtabs.ICustomTabsService sDefaultImpl -> b
    boolean receiveFile(android.support.customtabs.ICustomTabsCallback,android.net.Uri,int,android.os.Bundle) -> D
    boolean newSession(android.support.customtabs.ICustomTabsCallback) -> L
    boolean validateRelationship(android.support.customtabs.ICustomTabsCallback,int,android.net.Uri,android.os.Bundle) -> P
    boolean newSessionWithExtras(android.support.customtabs.ICustomTabsCallback,android.os.Bundle) -> d
    boolean warmup(long) -> v
android.support.customtabs.trusted.ITrustedWebActivityCallback -> a.a.a.c.a:
    void onExtraCallback(java.lang.String,android.os.Bundle) -> o
android.support.customtabs.trusted.ITrustedWebActivityCallback$Stub -> a.a.a.c.a$a:
    android.support.customtabs.trusted.ITrustedWebActivityCallback asInterface(android.os.IBinder) -> a
    android.support.customtabs.trusted.ITrustedWebActivityCallback getDefaultImpl() -> c
android.support.customtabs.trusted.ITrustedWebActivityCallback$Stub$Proxy -> a.a.a.c.a$a$a:
    android.os.IBinder mRemote -> a
    android.support.customtabs.trusted.ITrustedWebActivityCallback sDefaultImpl -> b
    void onExtraCallback(java.lang.String,android.os.Bundle) -> o
android.support.customtabs.trusted.ITrustedWebActivityService -> a.a.a.c.b:
    android.os.Bundle getSmallIconBitmap() -> A
    android.os.Bundle areNotificationsEnabled(android.os.Bundle) -> E
    android.os.Bundle extraCommand(java.lang.String,android.os.Bundle,android.os.IBinder) -> J
    android.os.Bundle getActiveNotifications() -> k
    int getSmallIconId() -> r
    void cancelNotification(android.os.Bundle) -> t
    android.os.Bundle notifyNotificationWithChannel(android.os.Bundle) -> z
android.support.customtabs.trusted.ITrustedWebActivityService$Stub -> a.a.a.c.b$a:
androidx.arch.core.executor.ArchTaskExecutor -> b.a.a.a.a:
    androidx.arch.core.executor.ArchTaskExecutor sInstance -> c
    androidx.arch.core.executor.TaskExecutor mDefaultTaskExecutor -> b
    androidx.arch.core.executor.TaskExecutor mDelegate -> a
    boolean isMainThread() -> a
    androidx.arch.core.executor.ArchTaskExecutor getInstance() -> b
androidx.arch.core.executor.DefaultTaskExecutor -> b.a.a.a.b:
    java.lang.Object mLock -> a
    java.util.concurrent.ExecutorService mDiskIO -> b
    boolean isMainThread() -> a
androidx.arch.core.executor.DefaultTaskExecutor$1 -> b.a.a.a.b$a:
    java.util.concurrent.atomic.AtomicInteger mThreadId -> a
androidx.arch.core.executor.TaskExecutor -> b.a.a.a.c:
    boolean isMainThread() -> a