temp/Saqi - Social AQI/source/app/build/outputs/mapping/release/usage.txt
com.saqi.twa.R
com.saqi.twa.R$mipmap
com.saqi.twa.R$xml
com.saqi.twa.R$dimen
com.saqi.twa.R$drawable
com.saqi.twa.R$integer
com.saqi.twa.R$string
com.saqi.twa.R$layout
com.saqi.twa.R$color
com.saqi.twa.R$attr
com.saqi.twa.R$bool
com.saqi.twa.R$style
com.saqi.twa.R$styleable
com.saqi.twa.R$id
com.saqi.twa.R$raw
com.saqi.twa.BuildConfig
...
androidx.core.text.BidiFormatter
androidx.core.view.inputmethod.InputConnectionCompat$1
androidx.print.PrintHelper$1
com.google.android.gms.tasks.zzl
com.google.android.gms.common.util.Clock$$CC
androidx.loader.content.AsyncTaskLoader
androidx.core.view.InputDeviceCompat
androidx.viewpager.widget.ViewPager$SimpleOnPageChangeListener
com.google.android.gms.location.ActivityTransition$SupportedActivityTransition
com.google.android.gms.common.api.internal.zaci
androidx.print.PrintHelper$PrintUriAdapter
androidx.browser.R$xml
com.google.android.gms.common.api.Api$ApiOptions$Optional
com.google.android.gms.common.api.internal.ActivityLifecycleObserver
androidx.core.provider.FontRequest
androidx.fragment.app.FragmentTabHost$DummyTabFactory
com.google.android.gms.location.zzah
com.google.android.gms.common.images.WebImage
androidx.fragment.R$id
androidx.core.graphics.TypefaceCompatApi28Impl
com.google.android.gms.internal.location.zzv
com.google.android.gms.common.providers.PooledExecutorsProvider$PooledExecutorFactory
com.google.android.gms.common.api.internal.zabw:
    public void <init>(com.google.android.gms.common.api.internal.RegisterListenerMethod,com.google.android.gms.common.api.internal.UnregisterListenerMethod)
com.google.android.gms.common.internal.IGmsServiceBroker$Stub
com.google.android.gms.location.LocationSettingsRequest$Builder
com.google.android.gms.common.util.MapUtils
androidx.core.view.OnApplyWindowInsetsListener
androidx.core.content.pm.PermissionInfoCompat$ProtectionFlags
com.google.android.gms.dynamite.zzg
com.google.androidbrowserhelper.trusted.splashscreens.PwaWrapperSplashScreenStrategy:
    private static final java.lang.String TAG
androidx.loader.app.LoaderManagerImpl$LoaderInfo:
    void <init>(int,android.os.Bundle,androidx.loader.content.Loader,androidx.loader.content.Loader)
    androidx.loader.content.Loader setCallback(androidx.lifecycle.LifecycleOwner,androidx.loader.app.LoaderManager$LoaderCallbacks)
    boolean isCallbackWaitingForData()
    public void onLoadComplete(androidx.loader.content.Loader,java.lang.Object)
androidx.core.provider.FontsContractCompat$FontRequestCallback$FontRequestFailReason
androidx.lifecycle.ComputableLiveData$1
androidx.drawerlayout.widget.DrawerLayout$1
androidx.browser.browseractions.BrowserActionsIntent$BrowserActionsItemId
androidx.core.app.NotificationCompat$Builder:
    private android.graphics.Bitmap reduceLargeIconSize(android.graphics.Bitmap)
    public androidx.core.app.NotificationCompat$Builder setShowWhen(boolean)
    public androidx.core.app.NotificationCompat$Builder setUsesChronometer(boolean)
    public androidx.core.app.NotificationCompat$Builder setSmallIcon(int,int)
    public androidx.core.app.NotificationCompat$Builder setSubText(java.lang.CharSequence)
    public androidx.core.app.NotificationCompat$Builder setRemoteInputHistory(java.lang.CharSequence[])
    public androidx.core.app.NotificationCompat$Builder setNumber(int)
    public androidx.core.app.NotificationCompat$Builder setContentInfo(java.lang.CharSequence)
    public androidx.core.app.NotificationCompat$Builder setProgress(int,int,boolean)
    public androidx.core.app.NotificationCompat$Builder setContent(android.widget.RemoteViews)
    public androidx.core.app.NotificationCompat$Builder setDeleteIntent(android.app.PendingIntent)
    public androidx.core.app.NotificationCompat$Builder setFullScreenIntent(android.app.PendingIntent,boolean)
    public androidx.core.app.NotificationCompat$Builder setTicker(java.lang.CharSequence,android.widget.RemoteViews)
    public androidx.core.app.NotificationCompat$Builder setLargeIcon(android.graphics.Bitmap)
    public androidx.core.app.NotificationCompat$Builder setSound(android.net.Uri)
    public androidx.core.app.NotificationCompat$Builder setSound(android.net.Uri,int)
androidx.core.net.ConnectivityManagerCompat$RestrictBackgroundStatus